1628121323570	geckodriver	INFO	Listening on 127.0.0.1:61106
1628121324361	mozrunner::runner	INFO	Running command: "/Applications/Firefox.app/Contents/MacOS/firefox-bin" "--marionette" "--headless" "-foreground" "-no-remote" "-profile" "/var/folders/9t/_3qz0y7x13jfg5bg5q2r4j6m0000gn/T/rust_mozprofile3dq8S4"
*** You are running in headless mode.
1628121325198	Marionette	INFO	Marionette enabled
[GFX1-]: RenderCompositorSWGL failed mapping default framebuffer, no dt
console.warn: SearchSettings: "get: No settings file exists, new profile?" (new NotFoundError("Could not open the file at /var/folders/9t/_3qz0y7x13jfg5bg5q2r4j6m0000gn/T/rust_mozprofile3dq8S4/search.json.mozlz4", (void 0)))
console.error: BackgroundUpdate: 
  _reasonsToNotScheduleUpdates: Failed to check for Maintenance Service Registry Key: [Exception... "Component returned failure code: 0x80004001 (NS_ERROR_NOT_IMPLEMENTED) [nsIUpdateProcessor.getServiceRegKeyExists]"  nsresult: "0x80004001 (NS_ERROR_NOT_IMPLEMENTED)"  location: "JS frame :: resource://gre/modules/BackgroundUpdate.jsm :: _reasonsToNotScheduleUpdates :: line 243"  data: no]
1628121327168	Marionette	INFO	Listening on port 61118
1628121327354	Marionette	WARN	TLS certificate errors will be ignored for this session
1628121330548	Marionette	INFO	Stopped listening on port 61118

###!!! [Parent][RunMessage] Error: Channel closing: too late to send/recv, messages will be lost

1628121374655	geckodriver	INFO	Listening on 127.0.0.1:61214
1628121375660	mozrunner::runner	INFO	Running command: "/Applications/Firefox.app/Contents/MacOS/firefox-bin" "--marionette" "-foreground" "-no-remote" "-profile" "/var/folders/9t/_3qz0y7x13jfg5bg5q2r4j6m0000gn/T/rust_mozprofileBZvdLO"
1628121376192	Marionette	INFO	Marionette enabled
console.warn: SearchSettings: "get: No settings file exists, new profile?" (new NotFoundError("Could not open the file at /var/folders/9t/_3qz0y7x13jfg5bg5q2r4j6m0000gn/T/rust_mozprofileBZvdLO/search.json.mozlz4", (void 0)))
console.error: BackgroundUpdate: 
  _reasonsToNotScheduleUpdates: Failed to check for Maintenance Service Registry Key: [Exception... "Component returned failure code: 0x80004001 (NS_ERROR_NOT_IMPLEMENTED) [nsIUpdateProcessor.getServiceRegKeyExists]"  nsresult: "0x80004001 (NS_ERROR_NOT_IMPLEMENTED)"  location: "JS frame :: resource://gre/modules/BackgroundUpdate.jsm :: _reasonsToNotScheduleUpdates :: line 243"  data: no]
1628121378442	Marionette	INFO	Listening on port 61225
1628121379169	Marionette	WARN	TLS certificate errors will be ignored for this session
1628121382429	Marionette	INFO	Stopped listening on port 61225

###!!! [Parent][RunMessage] Error: Channel closing: too late to send/recv, messages will be lost

1628121412764	geckodriver	INFO	Listening on 127.0.0.1:61313
1628121412773	mozrunner::runner	INFO	Running command: "/Applications/Firefox.app/Contents/MacOS/firefox-bin" "--marionette" "-foreground" "-no-remote" "-profile" "/var/folders/9t/_3qz0y7x13jfg5bg5q2r4j6m0000gn/T/rust_mozprofilevdXBvZ"
1628121413362	Marionette	INFO	Marionette enabled
console.warn: SearchSettings: "get: No settings file exists, new profile?" (new NotFoundError("Could not open the file at /var/folders/9t/_3qz0y7x13jfg5bg5q2r4j6m0000gn/T/rust_mozprofilevdXBvZ/search.json.mozlz4", (void 0)))
console.error: BackgroundUpdate: 
  _reasonsToNotScheduleUpdates: Failed to check for Maintenance Service Registry Key: [Exception... "Component returned failure code: 0x80004001 (NS_ERROR_NOT_IMPLEMENTED) [nsIUpdateProcessor.getServiceRegKeyExists]"  nsresult: "0x80004001 (NS_ERROR_NOT_IMPLEMENTED)"  location: "JS frame :: resource://gre/modules/BackgroundUpdate.jsm :: _reasonsToNotScheduleUpdates :: line 243"  data: no]
1628121415354	Marionette	INFO	Listening on port 61322
1628121415436	Marionette	WARN	TLS certificate errors will be ignored for this session
1628121418637	Marionette	INFO	Stopped listening on port 61322

###!!! [Parent][RunMessage] Error: Channel closing: too late to send/recv, messages will be lost

1629416784994	geckodriver	INFO	Listening on 127.0.0.1:52839
1629416785996	mozrunner::runner	INFO	Running command: "/Applications/Firefox.app/Contents/MacOS/firefox-bin" "--marionette" "--headless" "-foreground" "-no-remote" "-profile" "/var/folders/9t/_3qz0y7x13jfg5bg5q2r4j6m0000gn/T/rust_mozprofileMbBEnq"
*** You are running in headless mode.
1629416786871	Marionette	INFO	Marionette enabled
[GFX1-]: RenderCompositorSWGL failed mapping default framebuffer, no dt
console.warn: SearchSettings: "get: No settings file exists, new profile?" (new NotFoundError("Could not open the file at /var/folders/9t/_3qz0y7x13jfg5bg5q2r4j6m0000gn/T/rust_mozprofileMbBEnq/search.json.mozlz4", (void 0)))
console.error: BackgroundUpdate: 
  _reasonsToNotScheduleUpdates: Failed to check for Maintenance Service Registry Key: [Exception... "Component returned failure code: 0x80004001 (NS_ERROR_NOT_IMPLEMENTED) [nsIUpdateProcessor.getServiceRegKeyExists]"  nsresult: "0x80004001 (NS_ERROR_NOT_IMPLEMENTED)"  location: "JS frame :: resource://gre/modules/BackgroundUpdate.jsm :: _reasonsToNotScheduleUpdates :: line 243"  data: no]
1629416789344	Marionette	INFO	Listening on port 52854
1629416789437	Marionette	WARN	TLS certificate errors will be ignored for this session
1629416789483	geckodriver	INFO	Listening on 127.0.0.1:52916
1629416790479	mozrunner::runner	INFO	Running command: "/Applications/Firefox.app/Contents/MacOS/firefox-bin" "--marionette" "-foreground" "-no-remote" "-profile" "/var/folders/9t/_3qz0y7x13jfg5bg5q2r4j6m0000gn/T/rust_mozprofilevCtGsp"
1629416790996	Marionette	INFO	Marionette enabled
console.warn: SearchSettings: "get: No settings file exists, new profile?" (new NotFoundError("Could not open the file at /var/folders/9t/_3qz0y7x13jfg5bg5q2r4j6m0000gn/T/rust_mozprofilevCtGsp/search.json.mozlz4", (void 0)))
console.error: BackgroundUpdate: 
  _reasonsToNotScheduleUpdates: Failed to check for Maintenance Service Registry Key: [Exception... "Component returned failure code: 0x80004001 (NS_ERROR_NOT_IMPLEMENTED) [nsIUpdateProcessor.getServiceRegKeyExists]"  nsresult: "0x80004001 (NS_ERROR_NOT_IMPLEMENTED)"  location: "JS frame :: resource://gre/modules/BackgroundUpdate.jsm :: _reasonsToNotScheduleUpdates :: line 243"  data: no]
1629416793473	Marionette	INFO	Listening on port 52936
1629416793589	Marionette	WARN	TLS certificate errors will be ignored for this session
1629416796995	Marionette	INFO	Stopped listening on port 52936

###!!! [Child][RunMessage] Error: Channel closing: too late to send/recv, messages will be lost

console.error: services.settings: 
  main/doh-providers Signature failed  InvalidSignatureError: Invalid content signature (main/doh-providers)
console.error: services.settings: 
  main/doh-providers local data was corrupted
console.warn: services.settings: main/doh-providers Signature verified failed. Retry from scratch
console.error: services.settings: 
  main/doh-config Signature failed  InvalidSignatureError: Invalid content signature (main/doh-config)
console.error: services.settings: 
  main/doh-config local data was corrupted
console.warn: services.settings: main/doh-config Signature verified failed. Retry from scratch
console.log: WebExtensions: reset-default-search: starting.
console.log: WebExtensions: reset-default-search: No addons in our list are installed.
Exiting due to channel error.
[GFX1-]: Receive IPC close with reason=AbnormalShutdown
[GFX1-]: Receive IPC close with reason=AbnormalShutdown
Exiting due to channel error.
Exiting due to channel error.
1630531307030	geckodriver	INFO	Listening on 127.0.0.1:62633
1630531308048	mozrunner::runner	INFO	Running command: "/Applications/Firefox.app/Contents/MacOS/firefox-bin" "--marionette" "-foreground" "-no-remote" "-profile" "/var/folders/9t/_3qz0y7x13jfg5bg5q2r4j6m0000gn/T/rust_mozprofileFd6fvN"
1630531309091	Marionette	INFO	Marionette enabled
console.warn: SearchSettings: "get: No settings file exists, new profile?" (new NotFoundError("Could not open the file at /var/folders/9t/_3qz0y7x13jfg5bg5q2r4j6m0000gn/T/rust_mozprofileFd6fvN/search.json.mozlz4", (void 0)))
console.error: BackgroundUpdate: 
  _reasonsToNotScheduleUpdates: Failed to check for Maintenance Service Registry Key: [Exception... "Component returned failure code: 0x80004001 (NS_ERROR_NOT_IMPLEMENTED) [nsIUpdateProcessor.getServiceRegKeyExists]"  nsresult: "0x80004001 (NS_ERROR_NOT_IMPLEMENTED)"  location: "JS frame :: resource://gre/modules/BackgroundUpdate.jsm :: _reasonsToNotScheduleUpdates :: line 243"  data: no]
1630531311425	Marionette	INFO	Listening on port 62640
1630531311474	Marionette	WARN	TLS certificate errors will be ignored for this session
1630531352923	geckodriver	INFO	Listening on 127.0.0.1:62715
1630531353936	mozrunner::runner	INFO	Running command: "/Applications/Firefox.app/Contents/MacOS/firefox-bin" "--marionette" "-foreground" "-no-remote" "-profile" "/var/folders/9t/_3qz0y7x13jfg5bg5q2r4j6m0000gn/T/rust_mozprofileHMktER"
1630531354502	Marionette	INFO	Marionette enabled
console.warn: SearchSettings: "get: No settings file exists, new profile?" (new NotFoundError("Could not open the file at /var/folders/9t/_3qz0y7x13jfg5bg5q2r4j6m0000gn/T/rust_mozprofileHMktER/search.json.mozlz4", (void 0)))
console.error: BackgroundUpdate: 
  _reasonsToNotScheduleUpdates: Failed to check for Maintenance Service Registry Key: [Exception... "Component returned failure code: 0x80004001 (NS_ERROR_NOT_IMPLEMENTED) [nsIUpdateProcessor.getServiceRegKeyExists]"  nsresult: "0x80004001 (NS_ERROR_NOT_IMPLEMENTED)"  location: "JS frame :: resource://gre/modules/BackgroundUpdate.jsm :: _reasonsToNotScheduleUpdates :: line 243"  data: no]
1630531356510	Marionette	INFO	Listening on port 62722
1630531356548	Marionette	WARN	TLS certificate errors will be ignored for this session
1630531371044	Marionette	INFO	Stopped listening on port 62722

###!!! [Parent][RunMessage] Error: Channel closing: too late to send/recv, messages will be lost

1630531412319	Marionette	INFO	Stopped listening on port 62640

###!!! [Parent][RunMessage] Error: Channel closing: too late to send/recv, messages will be lost

1630531416315	geckodriver	INFO	Listening on 127.0.0.1:62810
1630531416325	mozrunner::runner	INFO	Running command: "/Applications/Firefox.app/Contents/MacOS/firefox-bin" "--marionette" "-foreground" "-no-remote" "-profile" "/var/folders/9t/_3qz0y7x13jfg5bg5q2r4j6m0000gn/T/rust_mozprofileqS9FM7"
1630531416862	Marionette	INFO	Marionette enabled
console.warn: SearchSettings: "get: No settings file exists, new profile?" (new NotFoundError("Could not open the file at /var/folders/9t/_3qz0y7x13jfg5bg5q2r4j6m0000gn/T/rust_mozprofileqS9FM7/search.json.mozlz4", (void 0)))
console.error: BackgroundUpdate: 
  _reasonsToNotScheduleUpdates: Failed to check for Maintenance Service Registry Key: [Exception... "Component returned failure code: 0x80004001 (NS_ERROR_NOT_IMPLEMENTED) [nsIUpdateProcessor.getServiceRegKeyExists]"  nsresult: "0x80004001 (NS_ERROR_NOT_IMPLEMENTED)"  location: "JS frame :: resource://gre/modules/BackgroundUpdate.jsm :: _reasonsToNotScheduleUpdates :: line 243"  data: no]
1630531418695	Marionette	INFO	Listening on port 62815
1630531418816	Marionette	WARN	TLS certificate errors will be ignored for this session
1630531433008	Marionette	INFO	Stopped listening on port 62815

###!!! [Parent][RunMessage] Error: Channel closing: too late to send/recv, messages will be lost

1630531530106	geckodriver	INFO	Listening on 127.0.0.1:62898
1630531530117	mozrunner::runner	INFO	Running command: "/Applications/Firefox.app/Contents/MacOS/firefox-bin" "--marionette" "-foreground" "-no-remote" "-profile" "/var/folders/9t/_3qz0y7x13jfg5bg5q2r4j6m0000gn/T/rust_mozprofilerNkQPH"
1630531530699	Marionette	INFO	Marionette enabled
console.warn: SearchSettings: "get: No settings file exists, new profile?" (new NotFoundError("Could not open the file at /var/folders/9t/_3qz0y7x13jfg5bg5q2r4j6m0000gn/T/rust_mozprofilerNkQPH/search.json.mozlz4", (void 0)))
console.error: BackgroundUpdate: 
  _reasonsToNotScheduleUpdates: Failed to check for Maintenance Service Registry Key: [Exception... "Component returned failure code: 0x80004001 (NS_ERROR_NOT_IMPLEMENTED) [nsIUpdateProcessor.getServiceRegKeyExists]"  nsresult: "0x80004001 (NS_ERROR_NOT_IMPLEMENTED)"  location: "JS frame :: resource://gre/modules/BackgroundUpdate.jsm :: _reasonsToNotScheduleUpdates :: line 243"  data: no]
1630531532610	Marionette	INFO	Listening on port 62903
1630531532722	Marionette	WARN	TLS certificate errors will be ignored for this session
1630531546579	Marionette	INFO	Stopped listening on port 62903
1630531590812	geckodriver	INFO	Listening on 127.0.0.1:62985
1630531590823	mozrunner::runner	INFO	Running command: "/Applications/Firefox.app/Contents/MacOS/firefox-bin" "--marionette" "-foreground" "-no-remote" "-profile" "/var/folders/9t/_3qz0y7x13jfg5bg5q2r4j6m0000gn/T/rust_mozprofileUoM37j"
1630531591521	Marionette	INFO	Marionette enabled
console.warn: SearchSettings: "get: No settings file exists, new profile?" (new NotFoundError("Could not open the file at /var/folders/9t/_3qz0y7x13jfg5bg5q2r4j6m0000gn/T/rust_mozprofileUoM37j/search.json.mozlz4", (void 0)))
console.error: BackgroundUpdate: 
  _reasonsToNotScheduleUpdates: Failed to check for Maintenance Service Registry Key: [Exception... "Component returned failure code: 0x80004001 (NS_ERROR_NOT_IMPLEMENTED) [nsIUpdateProcessor.getServiceRegKeyExists]"  nsresult: "0x80004001 (NS_ERROR_NOT_IMPLEMENTED)"  location: "JS frame :: resource://gre/modules/BackgroundUpdate.jsm :: _reasonsToNotScheduleUpdates :: line 243"  data: no]
1630531593421	Marionette	INFO	Listening on port 62990
1630531593461	Marionette	WARN	TLS certificate errors will be ignored for this session
1630531607176	Marionette	INFO	Stopped listening on port 62990

###!!! [Parent][RunMessage] Error: Channel closing: too late to send/recv, messages will be lost

1630531676974	geckodriver	INFO	Listening on 127.0.0.1:63073
1630531676984	mozrunner::runner	INFO	Running command: "/Applications/Firefox.app/Contents/MacOS/firefox-bin" "--marionette" "-foreground" "-no-remote" "-profile" "/var/folders/9t/_3qz0y7x13jfg5bg5q2r4j6m0000gn/T/rust_mozprofilegoS4HL"
1630531677560	Marionette	INFO	Marionette enabled
console.warn: SearchSettings: "get: No settings file exists, new profile?" (new NotFoundError("Could not open the file at /var/folders/9t/_3qz0y7x13jfg5bg5q2r4j6m0000gn/T/rust_mozprofilegoS4HL/search.json.mozlz4", (void 0)))
console.error: BackgroundUpdate: 
  _reasonsToNotScheduleUpdates: Failed to check for Maintenance Service Registry Key: [Exception... "Component returned failure code: 0x80004001 (NS_ERROR_NOT_IMPLEMENTED) [nsIUpdateProcessor.getServiceRegKeyExists]"  nsresult: "0x80004001 (NS_ERROR_NOT_IMPLEMENTED)"  location: "JS frame :: resource://gre/modules/BackgroundUpdate.jsm :: _reasonsToNotScheduleUpdates :: line 243"  data: no]
1630531679468	Marionette	INFO	Listening on port 63078
1630531679508	Marionette	WARN	TLS certificate errors will be ignored for this session
1630531693552	Marionette	INFO	Stopped listening on port 63078

###!!! [Parent][RunMessage] Error: Channel closing: too late to send/recv, messages will be lost

1630531786866	geckodriver	INFO	Listening on 127.0.0.1:63167
1630531786877	mozrunner::runner	INFO	Running command: "/Applications/Firefox.app/Contents/MacOS/firefox-bin" "--marionette" "-foreground" "-no-remote" "-profile" "/var/folders/9t/_3qz0y7x13jfg5bg5q2r4j6m0000gn/T/rust_mozprofileDdzgvL"
1630531787428	Marionette	INFO	Marionette enabled
console.warn: SearchSettings: "get: No settings file exists, new profile?" (new NotFoundError("Could not open the file at /var/folders/9t/_3qz0y7x13jfg5bg5q2r4j6m0000gn/T/rust_mozprofileDdzgvL/search.json.mozlz4", (void 0)))
console.error: BackgroundUpdate: 
  _reasonsToNotScheduleUpdates: Failed to check for Maintenance Service Registry Key: [Exception... "Component returned failure code: 0x80004001 (NS_ERROR_NOT_IMPLEMENTED) [nsIUpdateProcessor.getServiceRegKeyExists]"  nsresult: "0x80004001 (NS_ERROR_NOT_IMPLEMENTED)"  location: "JS frame :: resource://gre/modules/BackgroundUpdate.jsm :: _reasonsToNotScheduleUpdates :: line 243"  data: no]
1630531789386	Marionette	INFO	Listening on port 63172
1630531789475	Marionette	WARN	TLS certificate errors will be ignored for this session
1630531803219	Marionette	INFO	Stopped listening on port 63172

###!!! [Parent][RunMessage] Error: Channel closing: too late to send/recv, messages will be lost

1630531974386	geckodriver	INFO	Listening on 127.0.0.1:63745
1630531975397	mozrunner::runner	INFO	Running command: "/Applications/Firefox.app/Contents/MacOS/firefox-bin" "--marionette" "-foreground" "-no-remote" "-profile" "/var/folders/9t/_3qz0y7x13jfg5bg5q2r4j6m0000gn/T/rust_mozprofilevH6Rl2"
1630531976093	Marionette	INFO	Marionette enabled
console.warn: SearchSettings: "get: No settings file exists, new profile?" (new NotFoundError("Could not open the file at /var/folders/9t/_3qz0y7x13jfg5bg5q2r4j6m0000gn/T/rust_mozprofilevH6Rl2/search.json.mozlz4", (void 0)))
console.error: BackgroundUpdate: 
  _reasonsToNotScheduleUpdates: Failed to check for Maintenance Service Registry Key: [Exception... "Component returned failure code: 0x80004001 (NS_ERROR_NOT_IMPLEMENTED) [nsIUpdateProcessor.getServiceRegKeyExists]"  nsresult: "0x80004001 (NS_ERROR_NOT_IMPLEMENTED)"  location: "JS frame :: resource://gre/modules/BackgroundUpdate.jsm :: _reasonsToNotScheduleUpdates :: line 243"  data: no]
1630531978209	Marionette	INFO	Listening on port 63756
1630531978304	Marionette	WARN	TLS certificate errors will be ignored for this session
1630531993181	Marionette	INFO	Stopped listening on port 63756

###!!! [Parent][RunMessage] Error: Channel closing: too late to send/recv, messages will be lost

1630532047105	geckodriver	INFO	Listening on 127.0.0.1:64134
1630532047115	mozrunner::runner	INFO	Running command: "/Applications/Firefox.app/Contents/MacOS/firefox-bin" "--marionette" "-foreground" "-no-remote" "-profile" "/var/folders/9t/_3qz0y7x13jfg5bg5q2r4j6m0000gn/T/rust_mozprofileDSu7aa"
1630532047621	Marionette	INFO	Marionette enabled
console.warn: SearchSettings: "get: No settings file exists, new profile?" (new NotFoundError("Could not open the file at /var/folders/9t/_3qz0y7x13jfg5bg5q2r4j6m0000gn/T/rust_mozprofileDSu7aa/search.json.mozlz4", (void 0)))
console.error: BackgroundUpdate: 
  _reasonsToNotScheduleUpdates: Failed to check for Maintenance Service Registry Key: [Exception... "Component returned failure code: 0x80004001 (NS_ERROR_NOT_IMPLEMENTED) [nsIUpdateProcessor.getServiceRegKeyExists]"  nsresult: "0x80004001 (NS_ERROR_NOT_IMPLEMENTED)"  location: "JS frame :: resource://gre/modules/BackgroundUpdate.jsm :: _reasonsToNotScheduleUpdates :: line 243"  data: no]
1630532049465	Marionette	INFO	Listening on port 64139
1630532049509	Marionette	WARN	TLS certificate errors will be ignored for this session
1630532063436	Marionette	INFO	Stopped listening on port 64139

###!!! [Parent][RunMessage] Error: Channel closing: too late to send/recv, messages will be lost

1630532457313	geckodriver	INFO	Listening on 127.0.0.1:50041
1630532458330	mozrunner::runner	INFO	Running command: "/Applications/Firefox.app/Contents/MacOS/firefox-bin" "--marionette" "-foreground" "-no-remote" "-profile" "/var/folders/9t/_3qz0y7x13jfg5bg5q2r4j6m0000gn/T/rust_mozprofilemu68JF"
1630532459221	Marionette	INFO	Marionette enabled
console.warn: SearchSettings: "get: No settings file exists, new profile?" (new NotFoundError("Could not open the file at /var/folders/9t/_3qz0y7x13jfg5bg5q2r4j6m0000gn/T/rust_mozprofilemu68JF/search.json.mozlz4", (void 0)))
console.error: BackgroundUpdate: 
  _reasonsToNotScheduleUpdates: Failed to check for Maintenance Service Registry Key: [Exception... "Component returned failure code: 0x80004001 (NS_ERROR_NOT_IMPLEMENTED) [nsIUpdateProcessor.getServiceRegKeyExists]"  nsresult: "0x80004001 (NS_ERROR_NOT_IMPLEMENTED)"  location: "JS frame :: resource://gre/modules/BackgroundUpdate.jsm :: _reasonsToNotScheduleUpdates :: line 243"  data: no]
1630532461190	Marionette	INFO	Listening on port 50052
1630532461307	Marionette	WARN	TLS certificate errors will be ignored for this session
1630532476155	Marionette	INFO	Stopped listening on port 50052

###!!! [Parent][RunMessage] Error: Channel closing: too late to send/recv, messages will be lost

1630532532242	geckodriver	INFO	Listening on 127.0.0.1:50440
1630532532254	mozrunner::runner	INFO	Running command: "/Applications/Firefox.app/Contents/MacOS/firefox-bin" "--marionette" "-foreground" "-no-remote" "-profile" "/var/folders/9t/_3qz0y7x13jfg5bg5q2r4j6m0000gn/T/rust_mozprofileQ1FBoW"
1630532532838	Marionette	INFO	Marionette enabled
console.warn: SearchSettings: "get: No settings file exists, new profile?" (new NotFoundError("Could not open the file at /var/folders/9t/_3qz0y7x13jfg5bg5q2r4j6m0000gn/T/rust_mozprofileQ1FBoW/search.json.mozlz4", (void 0)))
console.error: BackgroundUpdate: 
  _reasonsToNotScheduleUpdates: Failed to check for Maintenance Service Registry Key: [Exception... "Component returned failure code: 0x80004001 (NS_ERROR_NOT_IMPLEMENTED) [nsIUpdateProcessor.getServiceRegKeyExists]"  nsresult: "0x80004001 (NS_ERROR_NOT_IMPLEMENTED)"  location: "JS frame :: resource://gre/modules/BackgroundUpdate.jsm :: _reasonsToNotScheduleUpdates :: line 243"  data: no]
1630532535476	Marionette	INFO	Listening on port 50445
1630532535583	Marionette	WARN	TLS certificate errors will be ignored for this session
1630532539837	Marionette	INFO	Stopped listening on port 50445
console.error: (new Error("Connection closed before committing the transaction.", "resource://gre/modules/Sqlite.jsm", 687))
JavaScript error: resource://gre/modules/Sqlite.jsm, line 687: Error: Connection closed before committing the transaction.

###!!! [Parent][RunMessage] Error: Channel closing: too late to send/recv, messages will be lost

1630532556401	geckodriver	INFO	Listening on 127.0.0.1:50637
1630532556412	mozrunner::runner	INFO	Running command: "/Applications/Firefox.app/Contents/MacOS/firefox-bin" "--marionette" "-foreground" "-no-remote" "-profile" "/var/folders/9t/_3qz0y7x13jfg5bg5q2r4j6m0000gn/T/rust_mozprofilez95Pgz"
1630532556973	Marionette	INFO	Marionette enabled
console.warn: SearchSettings: "get: No settings file exists, new profile?" (new NotFoundError("Could not open the file at /var/folders/9t/_3qz0y7x13jfg5bg5q2r4j6m0000gn/T/rust_mozprofilez95Pgz/search.json.mozlz4", (void 0)))
console.error: BackgroundUpdate: 
  _reasonsToNotScheduleUpdates: Failed to check for Maintenance Service Registry Key: [Exception... "Component returned failure code: 0x80004001 (NS_ERROR_NOT_IMPLEMENTED) [nsIUpdateProcessor.getServiceRegKeyExists]"  nsresult: "0x80004001 (NS_ERROR_NOT_IMPLEMENTED)"  location: "JS frame :: resource://gre/modules/BackgroundUpdate.jsm :: _reasonsToNotScheduleUpdates :: line 243"  data: no]
1630532558811	Marionette	INFO	Listening on port 50642
1630532558921	Marionette	WARN	TLS certificate errors will be ignored for this session
1630532562632	Marionette	INFO	Stopped listening on port 50642
console.error: (new Error("Connection closed before committing the transaction.", "resource://gre/modules/Sqlite.jsm", 687))
JavaScript error: resource://gre/modules/Sqlite.jsm, line 687: Error: Connection closed before committing the transaction.
1630532603475	geckodriver	INFO	Listening on 127.0.0.1:50914
1630532603493	mozrunner::runner	INFO	Running command: "/Applications/Firefox.app/Contents/MacOS/firefox-bin" "--marionette" "-foreground" "-no-remote" "-profile" "/var/folders/9t/_3qz0y7x13jfg5bg5q2r4j6m0000gn/T/rust_mozprofiledPTq00"
1630532603952	Marionette	INFO	Marionette enabled
console.warn: SearchSettings: "get: No settings file exists, new profile?" (new NotFoundError("Could not open the file at /var/folders/9t/_3qz0y7x13jfg5bg5q2r4j6m0000gn/T/rust_mozprofiledPTq00/search.json.mozlz4", (void 0)))
console.error: BackgroundUpdate: 
  _reasonsToNotScheduleUpdates: Failed to check for Maintenance Service Registry Key: [Exception... "Component returned failure code: 0x80004001 (NS_ERROR_NOT_IMPLEMENTED) [nsIUpdateProcessor.getServiceRegKeyExists]"  nsresult: "0x80004001 (NS_ERROR_NOT_IMPLEMENTED)"  location: "JS frame :: resource://gre/modules/BackgroundUpdate.jsm :: _reasonsToNotScheduleUpdates :: line 243"  data: no]
1630532605876	Marionette	INFO	Listening on port 50919
1630532605981	Marionette	WARN	TLS certificate errors will be ignored for this session
1630532610111	Marionette	INFO	Stopped listening on port 50919
console.error: (new Error("Connection closed before committing the transaction.", "resource://gre/modules/Sqlite.jsm", 687))
JavaScript error: resource://gre/modules/Sqlite.jsm, line 687: Error: Connection closed before committing the transaction.

###!!! [Parent][RunMessage] Error: Channel closing: too late to send/recv, messages will be lost

1630532637465	geckodriver	INFO	Listening on 127.0.0.1:51133
1630532637481	mozrunner::runner	INFO	Running command: "/Applications/Firefox.app/Contents/MacOS/firefox-bin" "--marionette" "-foreground" "-no-remote" "-profile" "/var/folders/9t/_3qz0y7x13jfg5bg5q2r4j6m0000gn/T/rust_mozprofileQ9WWBd"
1630532637959	Marionette	INFO	Marionette enabled
console.warn: SearchSettings: "get: No settings file exists, new profile?" (new NotFoundError("Could not open the file at /var/folders/9t/_3qz0y7x13jfg5bg5q2r4j6m0000gn/T/rust_mozprofileQ9WWBd/search.json.mozlz4", (void 0)))
console.error: BackgroundUpdate: 
  _reasonsToNotScheduleUpdates: Failed to check for Maintenance Service Registry Key: [Exception... "Component returned failure code: 0x80004001 (NS_ERROR_NOT_IMPLEMENTED) [nsIUpdateProcessor.getServiceRegKeyExists]"  nsresult: "0x80004001 (NS_ERROR_NOT_IMPLEMENTED)"  location: "JS frame :: resource://gre/modules/BackgroundUpdate.jsm :: _reasonsToNotScheduleUpdates :: line 243"  data: no]
1630532639810	Marionette	INFO	Listening on port 51138
1630532639877	Marionette	WARN	TLS certificate errors will be ignored for this session
1630532643860	Marionette	INFO	Stopped listening on port 51138
console.error: (new Error("Connection closed before committing the transaction.", "resource://gre/modules/Sqlite.jsm", 687))
JavaScript error: resource://gre/modules/Sqlite.jsm, line 687: Error: Connection closed before committing the transaction.

###!!! [Parent][RunMessage] Error: Channel closing: too late to send/recv, messages will be lost

1630532857424	geckodriver	INFO	Listening on 127.0.0.1:52125
1630532858440	mozrunner::runner	INFO	Running command: "/Applications/Firefox.app/Contents/MacOS/firefox-bin" "--marionette" "-foreground" "-no-remote" "-profile" "/var/folders/9t/_3qz0y7x13jfg5bg5q2r4j6m0000gn/T/rust_mozprofileAM179D"
1630532859179	Marionette	INFO	Marionette enabled
console.warn: SearchSettings: "get: No settings file exists, new profile?" (new NotFoundError("Could not open the file at /var/folders/9t/_3qz0y7x13jfg5bg5q2r4j6m0000gn/T/rust_mozprofileAM179D/search.json.mozlz4", (void 0)))
console.error: BackgroundUpdate: 
  _reasonsToNotScheduleUpdates: Failed to check for Maintenance Service Registry Key: [Exception... "Component returned failure code: 0x80004001 (NS_ERROR_NOT_IMPLEMENTED) [nsIUpdateProcessor.getServiceRegKeyExists]"  nsresult: "0x80004001 (NS_ERROR_NOT_IMPLEMENTED)"  location: "JS frame :: resource://gre/modules/BackgroundUpdate.jsm :: _reasonsToNotScheduleUpdates :: line 243"  data: no]
1630532861331	Marionette	INFO	Listening on port 52136
1630532861449	Marionette	WARN	TLS certificate errors will be ignored for this session
1630532875764	Marionette	INFO	Stopped listening on port 52136

###!!! [Parent][RunMessage] Error: Channel closing: too late to send/recv, messages will be lost

1630532903824	geckodriver	INFO	Listening on 127.0.0.1:52397
1630532903835	mozrunner::runner	INFO	Running command: "/Applications/Firefox.app/Contents/MacOS/firefox-bin" "--marionette" "-foreground" "-no-remote" "-profile" "/var/folders/9t/_3qz0y7x13jfg5bg5q2r4j6m0000gn/T/rust_mozprofileCflExE"
1630532904381	Marionette	INFO	Marionette enabled
console.warn: SearchSettings: "get: No settings file exists, new profile?" (new NotFoundError("Could not open the file at /var/folders/9t/_3qz0y7x13jfg5bg5q2r4j6m0000gn/T/rust_mozprofileCflExE/search.json.mozlz4", (void 0)))
console.error: BackgroundUpdate: 
  _reasonsToNotScheduleUpdates: Failed to check for Maintenance Service Registry Key: [Exception... "Component returned failure code: 0x80004001 (NS_ERROR_NOT_IMPLEMENTED) [nsIUpdateProcessor.getServiceRegKeyExists]"  nsresult: "0x80004001 (NS_ERROR_NOT_IMPLEMENTED)"  location: "JS frame :: resource://gre/modules/BackgroundUpdate.jsm :: _reasonsToNotScheduleUpdates :: line 243"  data: no]
1630532906373	Marionette	INFO	Listening on port 52402
1630532906438	Marionette	WARN	TLS certificate errors will be ignored for this session
1630532920157	Marionette	INFO	Stopped listening on port 52402

###!!! [Parent][RunMessage] Error: Channel closing: too late to send/recv, messages will be lost

1630533185019	geckodriver	INFO	Listening on 127.0.0.1:53625
1630533186041	mozrunner::runner	INFO	Running command: "/Applications/Firefox.app/Contents/MacOS/firefox-bin" "--marionette" "-foreground" "-no-remote" "-profile" "/var/folders/9t/_3qz0y7x13jfg5bg5q2r4j6m0000gn/T/rust_mozprofileWqKY5j"
1630533186751	Marionette	INFO	Marionette enabled
console.warn: SearchSettings: "get: No settings file exists, new profile?" (new NotFoundError("Could not open the file at /var/folders/9t/_3qz0y7x13jfg5bg5q2r4j6m0000gn/T/rust_mozprofileWqKY5j/search.json.mozlz4", (void 0)))
console.error: BackgroundUpdate: 
  _reasonsToNotScheduleUpdates: Failed to check for Maintenance Service Registry Key: [Exception... "Component returned failure code: 0x80004001 (NS_ERROR_NOT_IMPLEMENTED) [nsIUpdateProcessor.getServiceRegKeyExists]"  nsresult: "0x80004001 (NS_ERROR_NOT_IMPLEMENTED)"  location: "JS frame :: resource://gre/modules/BackgroundUpdate.jsm :: _reasonsToNotScheduleUpdates :: line 243"  data: no]
1630533188901	Marionette	INFO	Listening on port 53636
1630533188980	Marionette	WARN	TLS certificate errors will be ignored for this session
1630533202976	Marionette	INFO	Stopped listening on port 53636

###!!! [Parent][RunMessage] Error: Channel closing: too late to send/recv, messages will be lost

1630533223149	geckodriver	INFO	Listening on 127.0.0.1:53866
1630533223159	mozrunner::runner	INFO	Running command: "/Applications/Firefox.app/Contents/MacOS/firefox-bin" "--marionette" "-foreground" "-no-remote" "-profile" "/var/folders/9t/_3qz0y7x13jfg5bg5q2r4j6m0000gn/T/rust_mozprofileSlg0wK"
1630533223705	Marionette	INFO	Marionette enabled
console.warn: SearchSettings: "get: No settings file exists, new profile?" (new NotFoundError("Could not open the file at /var/folders/9t/_3qz0y7x13jfg5bg5q2r4j6m0000gn/T/rust_mozprofileSlg0wK/search.json.mozlz4", (void 0)))
console.error: BackgroundUpdate: 
  _reasonsToNotScheduleUpdates: Failed to check for Maintenance Service Registry Key: [Exception... "Component returned failure code: 0x80004001 (NS_ERROR_NOT_IMPLEMENTED) [nsIUpdateProcessor.getServiceRegKeyExists]"  nsresult: "0x80004001 (NS_ERROR_NOT_IMPLEMENTED)"  location: "JS frame :: resource://gre/modules/BackgroundUpdate.jsm :: _reasonsToNotScheduleUpdates :: line 243"  data: no]
1630533225623	Marionette	INFO	Listening on port 53871
1630533225649	Marionette	WARN	TLS certificate errors will be ignored for this session
1630533239392	Marionette	INFO	Stopped listening on port 53871

###!!! [Parent][RunMessage] Error: Channel closing: too late to send/recv, messages will be lost

1630533588699	geckodriver	INFO	Listening on 127.0.0.1:55443
1630533589714	mozrunner::runner	INFO	Running command: "/Applications/Firefox.app/Contents/MacOS/firefox-bin" "--marionette" "-foreground" "-no-remote" "-profile" "/var/folders/9t/_3qz0y7x13jfg5bg5q2r4j6m0000gn/T/rust_mozprofileJ3hwJi"
1630533590452	Marionette	INFO	Marionette enabled
console.warn: SearchSettings: "get: No settings file exists, new profile?" (new NotFoundError("Could not open the file at /var/folders/9t/_3qz0y7x13jfg5bg5q2r4j6m0000gn/T/rust_mozprofileJ3hwJi/search.json.mozlz4", (void 0)))
console.error: BackgroundUpdate: 
  _reasonsToNotScheduleUpdates: Failed to check for Maintenance Service Registry Key: [Exception... "Component returned failure code: 0x80004001 (NS_ERROR_NOT_IMPLEMENTED) [nsIUpdateProcessor.getServiceRegKeyExists]"  nsresult: "0x80004001 (NS_ERROR_NOT_IMPLEMENTED)"  location: "JS frame :: resource://gre/modules/BackgroundUpdate.jsm :: _reasonsToNotScheduleUpdates :: line 243"  data: no]
1630533592633	Marionette	INFO	Listening on port 55454
1630533592756	Marionette	WARN	TLS certificate errors will be ignored for this session
1630533606854	Marionette	INFO	Stopped listening on port 55454

###!!! [Parent][RunMessage] Error: Channel closing: too late to send/recv, messages will be lost

1630533731539	geckodriver	INFO	Listening on 127.0.0.1:56124
1630533732552	mozrunner::runner	INFO	Running command: "/Applications/Firefox.app/Contents/MacOS/firefox-bin" "--marionette" "-foreground" "-no-remote" "-profile" "/var/folders/9t/_3qz0y7x13jfg5bg5q2r4j6m0000gn/T/rust_mozprofileMtL8e8"
1630533733266	Marionette	INFO	Marionette enabled
console.warn: SearchSettings: "get: No settings file exists, new profile?" (new NotFoundError("Could not open the file at /var/folders/9t/_3qz0y7x13jfg5bg5q2r4j6m0000gn/T/rust_mozprofileMtL8e8/search.json.mozlz4", (void 0)))
console.error: BackgroundUpdate: 
  _reasonsToNotScheduleUpdates: Failed to check for Maintenance Service Registry Key: [Exception... "Component returned failure code: 0x80004001 (NS_ERROR_NOT_IMPLEMENTED) [nsIUpdateProcessor.getServiceRegKeyExists]"  nsresult: "0x80004001 (NS_ERROR_NOT_IMPLEMENTED)"  location: "JS frame :: resource://gre/modules/BackgroundUpdate.jsm :: _reasonsToNotScheduleUpdates :: line 243"  data: no]
1630533735380	Marionette	INFO	Listening on port 56135
1630533735457	Marionette	WARN	TLS certificate errors will be ignored for this session
1630533749465	Marionette	INFO	Stopped listening on port 56135

###!!! [Parent][RunMessage] Error: Channel closing: too late to send/recv, messages will be lost

1630533899832	geckodriver	INFO	Listening on 127.0.0.1:56892
1630533900845	mozrunner::runner	INFO	Running command: "/Applications/Firefox.app/Contents/MacOS/firefox-bin" "--marionette" "-foreground" "-no-remote" "-profile" "/var/folders/9t/_3qz0y7x13jfg5bg5q2r4j6m0000gn/T/rust_mozprofilemsA0wA"
1630533901661	Marionette	INFO	Marionette enabled
console.warn: SearchSettings: "get: No settings file exists, new profile?" (new NotFoundError("Could not open the file at /var/folders/9t/_3qz0y7x13jfg5bg5q2r4j6m0000gn/T/rust_mozprofilemsA0wA/search.json.mozlz4", (void 0)))
console.error: BackgroundUpdate: 
  _reasonsToNotScheduleUpdates: Failed to check for Maintenance Service Registry Key: [Exception... "Component returned failure code: 0x80004001 (NS_ERROR_NOT_IMPLEMENTED) [nsIUpdateProcessor.getServiceRegKeyExists]"  nsresult: "0x80004001 (NS_ERROR_NOT_IMPLEMENTED)"  location: "JS frame :: resource://gre/modules/BackgroundUpdate.jsm :: _reasonsToNotScheduleUpdates :: line 243"  data: no]
1630533904063	Marionette	INFO	Listening on port 56903
1630533904163	Marionette	WARN	TLS certificate errors will be ignored for this session
1630533908849	Marionette	INFO	Stopped listening on port 56903

###!!! [Parent][MessageChannel] Error: (msgtype=0x1F0011,name=PBackgroundStorage::Msg_Observe) Channel error: cannot send/recv


###!!! [Parent][MessageChannel] Error: (msgtype=0x1F0011,name=PBackgroundStorage::Msg_Observe) Channel error: cannot send/recv


###!!! [Parent][RunMessage] Error: Channel closing: too late to send/recv, messages will be lost

1630534055094	geckodriver	INFO	Listening on 127.0.0.1:57614
1630534056106	mozrunner::runner	INFO	Running command: "/Applications/Firefox.app/Contents/MacOS/firefox-bin" "--marionette" "-foreground" "-no-remote" "-profile" "/var/folders/9t/_3qz0y7x13jfg5bg5q2r4j6m0000gn/T/rust_mozprofileEO0qGf"
1630534056798	Marionette	INFO	Marionette enabled
console.warn: SearchSettings: "get: No settings file exists, new profile?" (new NotFoundError("Could not open the file at /var/folders/9t/_3qz0y7x13jfg5bg5q2r4j6m0000gn/T/rust_mozprofileEO0qGf/search.json.mozlz4", (void 0)))
console.error: BackgroundUpdate: 
  _reasonsToNotScheduleUpdates: Failed to check for Maintenance Service Registry Key: [Exception... "Component returned failure code: 0x80004001 (NS_ERROR_NOT_IMPLEMENTED) [nsIUpdateProcessor.getServiceRegKeyExists]"  nsresult: "0x80004001 (NS_ERROR_NOT_IMPLEMENTED)"  location: "JS frame :: resource://gre/modules/BackgroundUpdate.jsm :: _reasonsToNotScheduleUpdates :: line 243"  data: no]
1630534058978	Marionette	INFO	Listening on port 57625
1630534059027	Marionette	WARN	TLS certificate errors will be ignored for this session
1630534072871	Marionette	INFO	Stopped listening on port 57625

###!!! [Parent][RunMessage] Error: Channel closing: too late to send/recv, messages will be lost

1630534117455	geckodriver	INFO	Listening on 127.0.0.1:57956
1630534117466	mozrunner::runner	INFO	Running command: "/Applications/Firefox.app/Contents/MacOS/firefox-bin" "--marionette" "-foreground" "-no-remote" "-profile" "/var/folders/9t/_3qz0y7x13jfg5bg5q2r4j6m0000gn/T/rust_mozprofile2YtqkB"
1630534118118	Marionette	INFO	Marionette enabled
console.warn: SearchSettings: "get: No settings file exists, new profile?" (new NotFoundError("Could not open the file at /var/folders/9t/_3qz0y7x13jfg5bg5q2r4j6m0000gn/T/rust_mozprofile2YtqkB/search.json.mozlz4", (void 0)))
console.error: BackgroundUpdate: 
  _reasonsToNotScheduleUpdates: Failed to check for Maintenance Service Registry Key: [Exception... "Component returned failure code: 0x80004001 (NS_ERROR_NOT_IMPLEMENTED) [nsIUpdateProcessor.getServiceRegKeyExists]"  nsresult: "0x80004001 (NS_ERROR_NOT_IMPLEMENTED)"  location: "JS frame :: resource://gre/modules/BackgroundUpdate.jsm :: _reasonsToNotScheduleUpdates :: line 243"  data: no]
1630534120214	Marionette	INFO	Listening on port 57961
1630534120297	Marionette	WARN	TLS certificate errors will be ignored for this session
1630534124398	Marionette	INFO	Stopped listening on port 57961

###!!! [Parent][RunMessage] Error: Channel closing: too late to send/recv, messages will be lost

1630534231140	geckodriver	INFO	Listening on 127.0.0.1:58500
1630534231152	mozrunner::runner	INFO	Running command: "/Applications/Firefox.app/Contents/MacOS/firefox-bin" "--marionette" "-foreground" "-no-remote" "-profile" "/var/folders/9t/_3qz0y7x13jfg5bg5q2r4j6m0000gn/T/rust_mozprofilecrOk8G"
1630534232159	Marionette	INFO	Marionette enabled
console.warn: SearchSettings: "get: No settings file exists, new profile?" (new NotFoundError("Could not open the file at /var/folders/9t/_3qz0y7x13jfg5bg5q2r4j6m0000gn/T/rust_mozprofilecrOk8G/search.json.mozlz4", (void 0)))
console.error: BackgroundUpdate: 
  _reasonsToNotScheduleUpdates: Failed to check for Maintenance Service Registry Key: [Exception... "Component returned failure code: 0x80004001 (NS_ERROR_NOT_IMPLEMENTED) [nsIUpdateProcessor.getServiceRegKeyExists]"  nsresult: "0x80004001 (NS_ERROR_NOT_IMPLEMENTED)"  location: "JS frame :: resource://gre/modules/BackgroundUpdate.jsm :: _reasonsToNotScheduleUpdates :: line 243"  data: no]
1630534234181	Marionette	INFO	Listening on port 58505
1630534234249	Marionette	WARN	TLS certificate errors will be ignored for this session
1630534238374	Marionette	INFO	Stopped listening on port 58505

###!!! [Parent][RunMessage] Error: Channel closing: too late to send/recv, messages will be lost

1630534332350	geckodriver	INFO	Listening on 127.0.0.1:59011
1630534332361	mozrunner::runner	INFO	Running command: "/Applications/Firefox.app/Contents/MacOS/firefox-bin" "--marionette" "-foreground" "-no-remote" "-profile" "/var/folders/9t/_3qz0y7x13jfg5bg5q2r4j6m0000gn/T/rust_mozprofilewWIQ4t"
1630534332999	Marionette	INFO	Marionette enabled
console.warn: SearchSettings: "get: No settings file exists, new profile?" (new NotFoundError("Could not open the file at /var/folders/9t/_3qz0y7x13jfg5bg5q2r4j6m0000gn/T/rust_mozprofilewWIQ4t/search.json.mozlz4", (void 0)))
console.error: BackgroundUpdate: 
  _reasonsToNotScheduleUpdates: Failed to check for Maintenance Service Registry Key: [Exception... "Component returned failure code: 0x80004001 (NS_ERROR_NOT_IMPLEMENTED) [nsIUpdateProcessor.getServiceRegKeyExists]"  nsresult: "0x80004001 (NS_ERROR_NOT_IMPLEMENTED)"  location: "JS frame :: resource://gre/modules/BackgroundUpdate.jsm :: _reasonsToNotScheduleUpdates :: line 243"  data: no]
1630534335146	Marionette	INFO	Listening on port 59016
1630534335260	Marionette	WARN	TLS certificate errors will be ignored for this session
1630534339490	Marionette	INFO	Stopped listening on port 59016
1630534447810	geckodriver	INFO	Listening on 127.0.0.1:59569
1630534447820	mozrunner::runner	INFO	Running command: "/Applications/Firefox.app/Contents/MacOS/firefox-bin" "--marionette" "-foreground" "-no-remote" "-profile" "/var/folders/9t/_3qz0y7x13jfg5bg5q2r4j6m0000gn/T/rust_mozprofilepBV0no"
1630534448464	Marionette	INFO	Marionette enabled
console.warn: SearchSettings: "get: No settings file exists, new profile?" (new NotFoundError("Could not open the file at /var/folders/9t/_3qz0y7x13jfg5bg5q2r4j6m0000gn/T/rust_mozprofilepBV0no/search.json.mozlz4", (void 0)))
console.error: BackgroundUpdate: 
  _reasonsToNotScheduleUpdates: Failed to check for Maintenance Service Registry Key: [Exception... "Component returned failure code: 0x80004001 (NS_ERROR_NOT_IMPLEMENTED) [nsIUpdateProcessor.getServiceRegKeyExists]"  nsresult: "0x80004001 (NS_ERROR_NOT_IMPLEMENTED)"  location: "JS frame :: resource://gre/modules/BackgroundUpdate.jsm :: _reasonsToNotScheduleUpdates :: line 243"  data: no]
1630534450545	Marionette	INFO	Listening on port 59574
1630534450624	Marionette	WARN	TLS certificate errors will be ignored for this session
1630534455042	Marionette	INFO	Stopped listening on port 59574

###!!! [Parent][RunMessage] Error: Channel closing: too late to send/recv, messages will be lost

1630540368457	geckodriver	INFO	Listening on 127.0.0.1:65440
1630540369493	mozrunner::runner	INFO	Running command: "/Applications/Firefox.app/Contents/MacOS/firefox-bin" "--marionette" "-foreground" "-no-remote" "-profile" "/var/folders/9t/_3qz0y7x13jfg5bg5q2r4j6m0000gn/T/rust_mozprofileMKawUT"
1630540370314	Marionette	INFO	Marionette enabled
console.warn: SearchSettings: "get: No settings file exists, new profile?" (new NotFoundError("Could not open the file at /var/folders/9t/_3qz0y7x13jfg5bg5q2r4j6m0000gn/T/rust_mozprofileMKawUT/search.json.mozlz4", (void 0)))
console.error: BackgroundUpdate: 
  _reasonsToNotScheduleUpdates: Failed to check for Maintenance Service Registry Key: [Exception... "Component returned failure code: 0x80004001 (NS_ERROR_NOT_IMPLEMENTED) [nsIUpdateProcessor.getServiceRegKeyExists]"  nsresult: "0x80004001 (NS_ERROR_NOT_IMPLEMENTED)"  location: "JS frame :: resource://gre/modules/BackgroundUpdate.jsm :: _reasonsToNotScheduleUpdates :: line 243"  data: no]
1630540372566	Marionette	INFO	Listening on port 65447
1630540372614	Marionette	WARN	TLS certificate errors will be ignored for this session
1630540377246	Marionette	INFO	Stopped listening on port 65447
1630540552832	geckodriver	INFO	Listening on 127.0.0.1:49163
1630540552847	mozrunner::runner	INFO	Running command: "/Applications/Firefox.app/Contents/MacOS/firefox-bin" "--marionette" "-foreground" "-no-remote" "-profile" "/var/folders/9t/_3qz0y7x13jfg5bg5q2r4j6m0000gn/T/rust_mozprofilefyILOU"
1630540553409	Marionette	INFO	Marionette enabled
console.warn: SearchSettings: "get: No settings file exists, new profile?" (new NotFoundError("Could not open the file at /var/folders/9t/_3qz0y7x13jfg5bg5q2r4j6m0000gn/T/rust_mozprofilefyILOU/search.json.mozlz4", (void 0)))
console.error: BackgroundUpdate: 
  _reasonsToNotScheduleUpdates: Failed to check for Maintenance Service Registry Key: [Exception... "Component returned failure code: 0x80004001 (NS_ERROR_NOT_IMPLEMENTED) [nsIUpdateProcessor.getServiceRegKeyExists]"  nsresult: "0x80004001 (NS_ERROR_NOT_IMPLEMENTED)"  location: "JS frame :: resource://gre/modules/BackgroundUpdate.jsm :: _reasonsToNotScheduleUpdates :: line 243"  data: no]
1630540555335	Marionette	INFO	Listening on port 49168
1630540555423	Marionette	WARN	TLS certificate errors will be ignored for this session
1630540559837	Marionette	INFO	Stopped listening on port 49168

###!!! [Parent][RunMessage] Error: Channel closing: too late to send/recv, messages will be lost

